[0m06:47:11.844036 [debug] [MainThread]: Sending event: {'category': 'dbt', 'action': 'invocation', 'label': 'start', 'context': [<snowplow_tracker.self_describing_json.SelfDescribingJson object at 0x795a2f7afa70>, <snowplow_tracker.self_describing_json.SelfDescribingJson object at 0x795a305b6060>, <snowplow_tracker.self_describing_json.SelfDescribingJson object at 0x795a30d4e1b0>]}


============================== 06:47:11.855508 | 846c9a07-e22a-4e6d-8481-7ad0380d964a ==============================
[0m06:47:11.855508 [info ] [MainThread]: Running with dbt=1.9.0
[0m06:47:11.857288 [debug] [MainThread]: running dbt with arguments {'printer_width': '80', 'indirect_selection': 'eager', 'log_cache_events': 'False', 'write_json': 'True', 'partial_parse': 'True', 'cache_selected_only': 'False', 'profiles_dir': '/root/.dbt', 'debug': 'False', 'fail_fast': 'False', 'log_path': 'logs', 'warn_error': 'None', 'version_check': 'True', 'use_colors': 'True', 'use_experimental_parser': 'False', 'no_print': 'None', 'quiet': 'False', 'empty': 'None', 'log_format': 'default', 'introspect': 'True', 'warn_error_options': 'WarnErrorOptions(include=[], exclude=[])', 'static_parser': 'True', 'target_path': 'None', 'invocation_command': 'dbt init data_transformation_dbt_project', 'send_anonymous_usage_stats': 'True'}
[0m06:47:11.923484 [warn ] [MainThread]: [ConfigFolderDirectory]: Unable to parse logging event dictionary. Failed to parse dir field: expected string or bytes-like object, got 'PosixPath'.. Dictionary: {'dir': PosixPath('/root/.dbt')}
[0m06:47:11.925373 [info ] [MainThread]: Creating dbt configuration folder at 
[0m06:47:11.929723 [debug] [MainThread]: Starter project path: /usr/local/lib/python3.12/site-packages/dbt/include/starter_project
[0m06:47:12.161057 [info ] [MainThread]: 
Your new dbt project "data_transformation_dbt_project" was created!

For more information on how to configure the profiles.yml file,
please consult the dbt documentation here:

  https://docs.getdbt.com/docs/configure-your-profile

One more thing:

Need help? Don't hesitate to reach out to us via GitHub issues or on Slack:

  https://community.getdbt.com/

Happy modeling!

[0m06:47:12.162811 [info ] [MainThread]: Setting up your profile.
[0m06:47:12.165746 [error] [MainThread]: Encountered an error:

[0m06:47:12.169045 [error] [MainThread]: Traceback (most recent call last):
  File "/usr/local/lib/python3.12/site-packages/dbt/cli/requires.py", line 153, in wrapper
    result, success = func(*args, **kwargs)
                      ^^^^^^^^^^^^^^^^^^^^^
  File "/usr/local/lib/python3.12/site-packages/dbt/cli/requires.py", line 103, in wrapper
    return func(*args, **kwargs)
           ^^^^^^^^^^^^^^^^^^^^^
  File "/usr/local/lib/python3.12/site-packages/dbt/cli/main.py", line 477, in init
    results = task.run()
              ^^^^^^^^^^
  File "/usr/local/lib/python3.12/site-packages/dbt/task/init.py", line 346, in run
    self.setup_profile(profile_name)
  File "/usr/local/lib/python3.12/site-packages/dbt/task/init.py", line 261, in setup_profile
    adapter = self.ask_for_adapter_choice()
              ^^^^^^^^^^^^^^^^^^^^^^^^^^^^^
  File "/usr/local/lib/python3.12/site-packages/dbt/task/init.py", line 242, in ask_for_adapter_choice
    numeric_choice = click.prompt(prompt_msg, type=click.INT)
                     ^^^^^^^^^^^^^^^^^^^^^^^^^^^^^^^^^^^^^^^^
  File "/usr/local/lib/python3.12/site-packages/click/termui.py", line 164, in prompt
    value = prompt_func(prompt)
            ^^^^^^^^^^^^^^^^^^^
  File "/usr/local/lib/python3.12/site-packages/click/termui.py", line 147, in prompt_func
    raise Abort() from None
click.exceptions.Abort

[0m06:47:12.175406 [debug] [MainThread]: Resource report: {"command_name": "init", "command_success": false, "command_wall_clock_time": 0.40362573, "process_in_blocks": "0", "process_kernel_time": 0.51247, "process_mem_max_rss": "87304", "process_out_blocks": "1464", "process_user_time": 2.264405}
[0m06:47:12.178019 [debug] [MainThread]: Command `dbt init` failed at 06:47:12.177747 after 0.41 seconds
[0m06:47:12.179807 [debug] [MainThread]: Sending event: {'category': 'dbt', 'action': 'invocation', 'label': 'end', 'context': [<snowplow_tracker.self_describing_json.SelfDescribingJson object at 0x795a2fe067b0>, <snowplow_tracker.self_describing_json.SelfDescribingJson object at 0x795a2f3fe510>, <snowplow_tracker.self_describing_json.SelfDescribingJson object at 0x795a2f7af3e0>]}
[0m06:47:12.181728 [debug] [MainThread]: Flushing usage events
[0m06:47:12.676652 [debug] [MainThread]: An error was encountered while trying to flush usage events
